<?xml version="1.0" encoding="UTF-8"?>
<!-- Generated by org.testng.reporters.JUnitXMLReporter -->
<testsuite ignored="0" hostname="Jp" failures="0" tests="3" name="testSauceLabs - firefox" time="1.42" errors="0" timestamp="2022-04-12T22:52:18 PDT">
  <testcase classname="Tests.BaseTest" name="@BeforeMethod setup" time="1.354">
    <failure type="org.openqa.selenium.SessionNotCreatedException" message="Could not start a new session. Response code 400. Message: No browserName or device specified in session request. Please check our platforms documentation (https://saucelabs.com/docs/platforms): {&amp;apos;sauce:options&amp;apos;: {&amp;apos;username&amp;apos;: &amp;apos;oauth-jpreddy911-5575a&amp;apos;, &amp;apos;accessKey&amp;apos;: &amp;apos;XXXXXXXX-XXXX-XXXX-XXXX-XXXX4b368b7f&amp;apos;, &amp;apos;seleniumVersion&amp;apos;: &amp;apos;4.1.3&amp;apos;, &amp;apos;build&amp;apos;: &amp;apos;java-w3c-examples&amp;apos;, &amp;apos;tags&amp;apos;: &amp;apos;w3c-chrome-tests&amp;apos;}, &amp;apos;browserVersion&amp;apos;: &amp;apos;latest&amp;apos;, &amp;apos;platformName&amp;apos;: &amp;apos;windows 11&amp;apos;}
Build info: version: &amp;apos;4.1.1&amp;apos;, revision: &amp;apos;e8fcc2cecf&amp;apos;
System info: host: &amp;apos;JP&amp;apos;, ip: &amp;apos;192.168.1.72&amp;apos;, os.name: &amp;apos;Windows 11&amp;apos;, os.arch: &amp;apos;amd64&amp;apos;, os.version: &amp;apos;10.0&amp;apos;, java.version: &amp;apos;11.0.14&amp;apos;
Driver info: org.openqa.selenium.remote.RemoteWebDriver
Command: [null, newSession {capabilities=[Capabilities {browserVersion: latest, platformName: windows 11, sauce:options: Capabilities {accessKey: 2a...}], desiredCapabilities=Capabilities {browserVersion: latest, platformName: windows 11, sauce:options: Capabilities {accessKey: 2a...}}]
Capabilities {}">
      <![CDATA[org.openqa.selenium.SessionNotCreatedException: Could not start a new session. Response code 400. Message: No browserName or device specified in session request. Please check our platforms documentation (https://saucelabs.com/docs/platforms): {'sauce:options': {'username': 'oauth-jpreddy911-5575a', 'accessKey': 'XXXXXXXX-XXXX-XXXX-XXXX-XXXX4b368b7f', 'seleniumVersion': '4.1.3', 'build': 'java-w3c-examples', 'tags': 'w3c-chrome-tests'}, 'browserVersion': 'latest', 'platformName': 'windows 11'}
Build info: version: '4.1.1', revision: 'e8fcc2cecf'
System info: host: 'JP', ip: '192.168.1.72', os.name: 'Windows 11', os.arch: 'amd64', os.version: '10.0', java.version: '11.0.14'
Driver info: org.openqa.selenium.remote.RemoteWebDriver
Command: [null, newSession {capabilities=[Capabilities {browserVersion: latest, platformName: windows 11, sauce:options: Capabilities {accessKey: 2a...}], desiredCapabilities=Capabilities {browserVersion: latest, platformName: windows 11, sauce:options: Capabilities {accessKey: 2a...}}]
Capabilities {}
at org.openqa.selenium.remote.ProtocolHandshake.createSession(ProtocolHandshake.java:126)
at org.openqa.selenium.remote.ProtocolHandshake.createSession(ProtocolHandshake.java:84)
at org.openqa.selenium.remote.ProtocolHandshake.createSession(ProtocolHandshake.java:62)
at org.openqa.selenium.remote.HttpCommandExecutor.execute(HttpCommandExecutor.java:156)
at org.openqa.selenium.remote.TracedCommandExecutor.execute(TracedCommandExecutor.java:51)
at org.openqa.selenium.remote.RemoteWebDriver.execute(RemoteWebDriver.java:543)
at org.openqa.selenium.remote.RemoteWebDriver.startSession(RemoteWebDriver.java:230)
at org.openqa.selenium.remote.RemoteWebDriver.<init>(RemoteWebDriver.java:151)
at org.openqa.selenium.remote.RemoteWebDriver.<init>(RemoteWebDriver.java:138)
at Tests.BaseTest.setup(BaseTest.java:48)
at java.base/jdk.internal.reflect.NativeMethodAccessorImpl.invoke0(Native Method)
at java.base/jdk.internal.reflect.NativeMethodAccessorImpl.invoke(NativeMethodAccessorImpl.java:62)
at java.base/jdk.internal.reflect.DelegatingMethodAccessorImpl.invoke(DelegatingMethodAccessorImpl.java:43)
at java.base/java.lang.reflect.Method.invoke(Method.java:566)
at org.testng.internal.MethodInvocationHelper.invokeMethod(MethodInvocationHelper.java:133)
at org.testng.internal.MethodInvocationHelper.invokeMethodConsideringTimeout(MethodInvocationHelper.java:62)
at org.testng.internal.ConfigInvoker.invokeConfigurationMethod(ConfigInvoker.java:385)
at org.testng.internal.ConfigInvoker.invokeConfigurations(ConfigInvoker.java:321)
at org.testng.internal.TestInvoker.runConfigMethods(TestInvoker.java:700)
at org.testng.internal.TestInvoker.invokeMethod(TestInvoker.java:527)
at org.testng.internal.TestInvoker.invokeTestMethod(TestInvoker.java:173)
at org.testng.internal.MethodRunner.runInSequence(MethodRunner.java:46)
at org.testng.internal.TestInvoker$MethodInvocationAgent.invoke(TestInvoker.java:824)
at org.testng.internal.TestInvoker.invokeTestMethods(TestInvoker.java:146)
at org.testng.internal.TestMethodWorker.invokeTestMethods(TestMethodWorker.java:146)
at org.testng.internal.TestMethodWorker.run(TestMethodWorker.java:128)
at java.base/java.util.ArrayList.forEach(ArrayList.java:1541)
at org.testng.TestRunner.privateRun(TestRunner.java:794)
at org.testng.TestRunner.run(TestRunner.java:596)
at org.testng.SuiteRunner.runTest(SuiteRunner.java:377)
at org.testng.SuiteRunner.access$000(SuiteRunner.java:28)
at org.testng.SuiteRunner$SuiteWorker.run(SuiteRunner.java:418)
at org.testng.internal.thread.ThreadUtil.lambda$execute$0(ThreadUtil.java:64)
at java.base/java.util.concurrent.FutureTask.run(FutureTask.java:264)
at java.base/java.util.concurrent.ThreadPoolExecutor.runWorker(ThreadPoolExecutor.java:1128)
at java.base/java.util.concurrent.ThreadPoolExecutor$Worker.run(ThreadPoolExecutor.java:628)
at java.base/java.lang.Thread.run(Thread.java:834)
]]>
    </failure>
  </testcase> <!-- @BeforeMethod setup -->
  <testcase classname="Tests.BaseTest" name="@AfterMethod tearDown" time="-1.649829138205E9">
    <skipped/>
  </testcase> <!-- @AfterMethod tearDown -->
  <testcase classname="Tests.BaseTest" name="@BeforeMethod setup" time="-1.649829138206E9">
    <skipped/>
  </testcase> <!-- @BeforeMethod setup -->
  <testcase classname="Tests.BaseTest" name="@AfterMethod tearDown" time="-1.64982913821E9">
    <skipped/>
  </testcase> <!-- @AfterMethod tearDown -->
  <testcase classname="Tests.BaseTest" name="@BeforeMethod setup" time="-1.649829138211E9">
    <skipped/>
  </testcase> <!-- @BeforeMethod setup -->
  <testcase classname="Tests.BaseTest" name="@AfterMethod tearDown" time="-1.649829138216E9">
    <skipped/>
  </testcase> <!-- @AfterMethod tearDown -->
  <testcase classname="Tests.testSauceLabs" name="addToCart" time="0.0">
    <skipped/>
  </testcase> <!-- addToCart -->
  <testcase classname="Tests.testSauceLabs" name="inventoryCount" time="0.0">
    <skipped/>
  </testcase> <!-- inventoryCount -->
  <testcase classname="Tests.testSauceLabs" name="loginSauceLabs" time="0.0">
    <skipped/>
  </testcase> <!-- loginSauceLabs -->
</testsuite> <!-- testSauceLabs - firefox -->
